<?xml version="1.0" encoding="UTF-8"?>
<!-- Generated by org.testng.reporters.JUnitXMLReporter -->
<testsuite hostname="USER-Bilgisayar" ignored="0" name="BookStore Api Testing" tests="9" failures="0" timestamp="10 Mar 2019 18:38:02 GMT" time="4.701" errors="0">
  <testcase name="emptyStore" time="0.503" classname="suites.bookstore.ApiTest"/>
  <testcase name="requiredFieldTitle" time="0.423" classname="suites.bookstore.ApiTest"/>
  <testcase name="requiredFieldAuthor" time="0.176" classname="suites.bookstore.ApiTest"/>
  <testcase name="emptyAuthorFields" time="0.178" classname="suites.bookstore.ApiTest"/>
  <testcase name="emptyTitleFields" time="0.2" classname="suites.bookstore.ApiTest"/>
  <testcase name="readOnlyId" time="0.173" classname="suites.bookstore.ApiTest"/>
  <testcase name="putbooksDuplicate" time="0.38" classname="suites.bookstore.ApiTest"/>
  <testcase name="getBookNotFound" time="0.352" classname="suites.bookstore.ApiTest"/>
  <testcase name="getBookFound" time="0.456" classname="suites.bookstore.ApiTest"/>
</testsuite> <!-- BookStore Api Testing -->
